[INFO ] 26-05-2023 14:53:09 [main] PageObject - url opened
[INFO ] 26-05-2023 14:53:10 [main] PageObject - page title matches as Swag Labs 
[INFO ] 26-05-2023 16:00:01 [main] PageObject - url opened
[INFO ] 26-05-2023 16:00:01 [main] PageObject - page title matches as Swag Labs 
[INFO ] 26-05-2023 16:01:20 [main] PageObject - url opened
[INFO ] 26-05-2023 16:01:20 [main] PageObject - page title matches as Swag Labs 
[INFO ] 27-05-2023 07:39:18 [main] PageObject - url opened
[INFO ] 27-05-2023 07:39:18 [main] PageObject - page title matches as Swag Labs 
[INFO ] 27-05-2023 07:40:43 [main] PageObject - url opened
[INFO ] 27-05-2023 07:40:43 [main] PageObject - page title matches as Swag Labs 
[INFO ] 27-05-2023 07:40:45 [main] PageObject - url opened
[INFO ] 27-05-2023 07:40:46 [main] PageObject - user logged in successfully
[INFO ] 27-05-2023 07:50:14 [main] PageObject - url opened
[INFO ] 27-05-2023 07:50:17 [main] PageObject - url opened
[INFO ] 27-05-2023 07:50:17 [main] PageObject - page title matches as Swag Labs 
[INFO ] 27-05-2023 07:50:21 [main] PageObject - url opened
[INFO ] 27-05-2023 07:50:21 [main] PageObject - user logged in successfully
[INFO ] 27-05-2023 07:51:38 [main] PageObject - url opened
[INFO ] 27-05-2023 08:08:39 [main] PageObject - url opened
[INFO ] 27-05-2023 08:09:00 [main] PageObject - click on product
[INFO ] 27-05-2023 08:09:38 [main] PageObject - url opened
[INFO ] 27-05-2023 08:10:10 [main] PageObject - click on product
[INFO ] 27-05-2023 08:12:39 [main] PageObject - url opened
[INFO ] 27-05-2023 08:12:39 [main] PageObject - click on product
[INFO ] 27-05-2023 08:13:16 [main] PageObject - url opened
[INFO ] 27-05-2023 08:13:16 [main] PageObject - product text matches
[INFO ] 27-05-2023 08:13:16 [main] PageObject - click on product
[INFO ] 27-05-2023 08:14:34 [main] PageObject - url opened
[INFO ] 27-05-2023 08:14:34 [main] PageObject - product text matches
[INFO ] 27-05-2023 08:14:34 [main] PageObject - click on product
[INFO ] 27-05-2023 09:03:29 [main] PageObject - url opened
[INFO ] 27-05-2023 09:03:29 [main] PageObject - product text matches
[INFO ] 27-05-2023 09:03:30 [main] PageObject - click on product
[INFO ] 27-05-2023 09:05:07 [main] PageObject - url opened
[INFO ] 27-05-2023 09:05:07 [main] PageObject - product text matches
[INFO ] 27-05-2023 09:05:08 [main] PageObject - click on product
[INFO ] 27-05-2023 09:06:27 [main] PageObject - url opened
[INFO ] 27-05-2023 09:06:28 [main] PageObject - product text matches
[INFO ] 27-05-2023 09:06:28 [main] PageObject - click on product
[INFO ] 27-05-2023 09:10:14 [main] PageObject - url opened
[INFO ] 27-05-2023 09:10:14 [main] PageObject - product text matches
[INFO ] 27-05-2023 09:10:15 [main] PageObject - click on product
[INFO ] 27-05-2023 09:12:11 [main] PageObject - url opened
[INFO ] 27-05-2023 09:12:11 [main] PageObject - product text matches
[INFO ] 27-05-2023 09:12:11 [main] PageObject - click on product
[INFO ] 27-05-2023 09:21:06 [main] PageObject - url opened
[INFO ] 27-05-2023 09:21:06 [main] PageObject - product text matches
[INFO ] 27-05-2023 09:21:07 [main] PageObject - click on cart button 
[INFO ] 27-05-2023 09:21:07 [main] PageObject - count gets increased
[INFO ] 27-05-2023 09:21:07 [main] PageObject - click on product
[INFO ] 27-05-2023 09:23:12 [main] PageObject - url opened
[INFO ] 27-05-2023 09:23:12 [main] PageObject - product text matches
[INFO ] 27-05-2023 09:23:13 [main] PageObject - click on cart button 
[INFO ] 27-05-2023 09:23:13 [main] PageObject - count gets increased
[INFO ] 27-05-2023 09:23:13 [main] PageObject - click on product
[INFO ] 27-05-2023 09:34:15 [main] PageObject - url opened
[INFO ] 27-05-2023 09:34:15 [main] PageObject - product text matches
[INFO ] 27-05-2023 09:34:15 [main] PageObject - click on cart button 
[INFO ] 27-05-2023 09:34:15 [main] PageObject - count gets increased
[INFO ] 27-05-2023 09:34:15 [main] PageObject - click on product
[INFO ] 27-05-2023 09:35:29 [main] PageObject - url opened
[INFO ] 27-05-2023 09:35:29 [main] PageObject - product text matches
[INFO ] 27-05-2023 09:35:30 [main] PageObject - click on cart button 
[INFO ] 27-05-2023 09:35:30 [main] PageObject - count gets increased
[INFO ] 27-05-2023 09:35:30 [main] PageObject - click on product
[INFO ] 29-05-2023 12:50:14 [main] PageObject - url opened
[INFO ] 29-05-2023 12:50:46 [main] PageObject - url opened
[INFO ] 29-05-2023 12:51:21 [main] PageObject - url opened
[INFO ] 29-05-2023 12:56:02 [main] PageObject - url opened
[INFO ] 29-05-2023 14:40:30 [main] PageObject - url opened
[INFO ] 29-05-2023 14:43:26 [main] PageObject - url opened
[INFO ] 29-05-2023 14:52:31 [main] PageObject - url opened
[INFO ] 29-05-2023 14:54:41 [main] PageObject - url opened
[INFO ] 29-05-2023 14:56:41 [main] PageObject - url opened
[INFO ] 29-05-2023 14:57:45 [main] PageObject - url opened
[INFO ] 29-05-2023 14:57:46 [main] PageObject - product text matches
[INFO ] 29-05-2023 14:57:46 [main] PageObject - click on product
[INFO ] 29-05-2023 15:00:40 [main] PageObject - url opened
[INFO ] 29-05-2023 15:00:41 [main] PageObject - product text matches
[INFO ] 29-05-2023 15:00:41 [main] PageObject - click on product
[INFO ] 29-05-2023 15:01:45 [main] PageObject - url opened
[INFO ] 29-05-2023 15:07:49 [main] PageObject - url opened
[INFO ] 29-05-2023 15:10:14 [main] PageObject - url opened
[INFO ] 29-05-2023 15:10:14 [main] PageObject - uer logged in
[INFO ] 29-05-2023 15:11:20 [main] PageObject - url opened
[INFO ] 29-05-2023 15:11:20 [main] PageObject - uer logged in
[INFO ] 29-05-2023 15:13:42 [main] PageObject - url opened
[INFO ] 29-05-2023 15:13:43 [main] PageObject - uer logged in
[INFO ] 29-05-2023 15:20:13 [main] PageObject - url opened
[INFO ] 29-05-2023 15:20:13 [main] PageObject - uer logged in
[INFO ] 29-05-2023 16:09:06 [main] PageObject - url opened
[INFO ] 29-05-2023 16:09:31 [main] PageObject - url opened
[INFO ] 29-05-2023 16:09:32 [main] PageObject - uer logged in
[INFO ] 29-05-2023 16:10:32 [main] PageObject - url opened
[INFO ] 29-05-2023 16:10:33 [main] PageObject - uer logged in
[INFO ] 29-05-2023 16:11:31 [main] PageObject - url opened
[INFO ] 29-05-2023 16:11:32 [main] PageObject - uer logged in
[INFO ] 29-05-2023 16:12:32 [main] PageObject - url opened
[INFO ] 29-05-2023 16:12:33 [main] PageObject - uer logged in
[INFO ] 30-05-2023 13:08:42 [main] PageObject - url opened
[INFO ] 30-05-2023 13:08:43 [main] PageObject - uer logged in
[INFO ] 30-05-2023 13:09:03 [main] PageObject - url opened
[INFO ] 30-05-2023 13:09:04 [main] PageObject - uer logged in
[INFO ] 30-05-2023 13:10:07 [main] PageObject - url opened
[INFO ] 30-05-2023 13:10:08 [main] PageObject - uer logged in
[INFO ] 30-05-2023 13:22:01 [main] PageObject - url opened
[INFO ] 30-05-2023 13:22:01 [main] PageObject - uer logged in
[INFO ] 30-05-2023 13:22:45 [main] PageObject - url opened
[INFO ] 30-05-2023 13:22:45 [main] PageObject - uer logged in
[INFO ] 30-05-2023 13:30:20 [main] PageObject - url opened
[INFO ] 30-05-2023 13:30:21 [main] PageObject - uer logged in
[INFO ] 30-05-2023 13:34:09 [main] PageObject - url opened
[INFO ] 30-05-2023 13:34:10 [main] PageObject - uer logged in
[INFO ] 30-05-2023 13:38:56 [main] PageObject - url opened
[INFO ] 30-05-2023 13:38:56 [main] PageObject - uer logged in
[INFO ] 30-05-2023 13:39:34 [main] PageObject - url opened
[INFO ] 30-05-2023 13:39:35 [main] PageObject - uer logged in
[INFO ] 30-05-2023 13:45:25 [main] PageObject - url opened
[INFO ] 30-05-2023 13:45:25 [main] PageObject - uer logged in
[INFO ] 30-05-2023 13:47:34 [main] PageObject - url opened
[INFO ] 30-05-2023 13:47:34 [main] PageObject - uer logged in
[INFO ] 30-05-2023 13:48:42 [main] PageObject - url opened
[INFO ] 30-05-2023 13:48:42 [main] PageObject - uer logged in
[INFO ] 30-05-2023 13:48:43 [main] PageObject - price matched
[INFO ] 30-05-2023 13:59:28 [main] PageObject - url opened
[INFO ] 30-05-2023 13:59:28 [main] PageObject - uer logged in
[INFO ] 30-05-2023 13:59:29 [main] PageObject - Actual price matched
[INFO ] 30-05-2023 14:00:14 [main] PageObject - url opened
[INFO ] 30-05-2023 14:00:15 [main] PageObject - uer logged in
[INFO ] 30-05-2023 14:00:16 [main] PageObject - Actual price matched
[INFO ] 30-05-2023 14:00:54 [main] PageObject - url opened
[INFO ] 30-05-2023 14:00:55 [main] PageObject - uer logged in
[INFO ] 30-05-2023 14:00:56 [main] PageObject - Actual price matched
[INFO ] 30-05-2023 14:02:21 [main] PageObject - url opened
[INFO ] 30-05-2023 14:02:21 [main] PageObject - uer logged in
[INFO ] 30-05-2023 14:02:22 [main] PageObject - Actual price matched
[INFO ] 30-05-2023 14:03:24 [main] PageObject - url opened
[INFO ] 30-05-2023 14:03:24 [main] PageObject - uer logged in
[INFO ] 30-05-2023 14:03:25 [main] PageObject - Actual price matched
[INFO ] 30-05-2023 14:05:21 [main] PageObject - url opened
[INFO ] 30-05-2023 14:05:21 [main] PageObject - uer logged in
[INFO ] 30-05-2023 14:05:22 [main] PageObject - Actual price matched
[INFO ] 30-05-2023 14:10:59 [main] PageObject - url opened
[INFO ] 30-05-2023 14:10:59 [main] PageObject - uer logged in
[INFO ] 30-05-2023 14:11:00 [main] PageObject - Actual price matched
[INFO ] 30-05-2023 14:11:00 [main] PageObject - Actual price matched
[INFO ] 30-05-2023 14:11:36 [main] PageObject - url opened
[INFO ] 30-05-2023 14:11:37 [main] PageObject - uer logged in
[INFO ] 30-05-2023 14:11:38 [main] PageObject - Actual price matched
[INFO ] 30-05-2023 14:11:38 [main] PageObject - Final price matched
[INFO ] 30-05-2023 15:19:21 [main] PageObject - url opened
[INFO ] 30-05-2023 15:21:27 [main] PageObject - url opened
[INFO ] 30-05-2023 15:21:27 [main] PageObject - uer logged in
[INFO ] 30-05-2023 15:21:28 [main] PageObject - Actual price matched
[INFO ] 30-05-2023 15:21:28 [main] PageObject - Final price matched
[INFO ] 31-05-2023 12:38:58 [main] PageObject - url opened
[INFO ] 31-05-2023 12:38:59 [main] PageObject - uer logged in
[INFO ] 31-05-2023 12:43:10 [main] PageObject - url opened
[INFO ] 31-05-2023 12:43:11 [main] PageObject - uer logged in
[INFO ] 31-05-2023 12:44:04 [main] PageObject - url opened
[INFO ] 31-05-2023 12:44:14 [main] PageObject - uer logged in
[INFO ] 31-05-2023 12:49:04 [main] PageObject - url opened
[INFO ] 31-05-2023 12:49:14 [main] PageObject - uer logged in
[INFO ] 31-05-2023 13:10:49 [main] PageObject - url opened
[INFO ] 31-05-2023 13:11:00 [main] PageObject - uer logged in
[INFO ] 31-05-2023 13:11:17 [main] PageObject - url opened
[INFO ] 31-05-2023 13:13:54 [main] PageObject - url opened
[INFO ] 31-05-2023 13:14:05 [main] PageObject - user logged in
[INFO ] 31-05-2023 13:15:17 [main] PageObject - url opened
[INFO ] 31-05-2023 13:15:17 [main] PageObject - product text matches
[INFO ] 31-05-2023 13:15:18 [main] PageObject - click on product
[INFO ] 31-05-2023 13:17:09 [main] PageObject - url opened
[INFO ] 31-05-2023 13:17:10 [main] PageObject - product text matches
[INFO ] 31-05-2023 13:17:10 [main] PageObject - click on product
[INFO ] 31-05-2023 13:22:05 [main] PageObject - url opened
[INFO ] 31-05-2023 13:22:06 [main] PageObject - user logged in
[INFO ] 31-05-2023 13:24:11 [main] PageObject - url opened
[INFO ] 31-05-2023 13:24:11 [main] PageObject - user logged in
[INFO ] 31-05-2023 13:24:12 [main] PageObject - product verified and navigate to cartsummaryPage
[INFO ] 31-05-2023 13:28:51 [main] PageObject - url opened
[INFO ] 31-05-2023 13:28:52 [main] PageObject - uer logged in
[INFO ] 31-05-2023 13:31:04 [main] PageObject - url opened
[INFO ] 31-05-2023 13:31:04 [main] PageObject - uer logged in
[INFO ] 31-05-2023 13:31:05 [main] PageObject - user deatails entered successfully
[INFO ] 31-05-2023 13:31:05 [main] PageObject - Navigate to OrgderDetailPage
[INFO ] 31-05-2023 13:33:38 [main] PageObject - url opened
[INFO ] 31-05-2023 13:33:38 [main] PageObject - user logged in
[INFO ] 31-05-2023 13:33:39 [main] PageObject - user deatails entered successfully
[INFO ] 31-05-2023 13:33:39 [main] PageObject - Navigate to OrgderDetailPage
[INFO ] 31-05-2023 13:33:39 [main] PageObject - user added details successfully
[INFO ] 31-05-2023 13:37:14 [main] PageObject - url opened
[INFO ] 31-05-2023 13:37:14 [main] PageObject - user logged in
[INFO ] 31-05-2023 13:39:41 [main] PageObject - url opened
[INFO ] 31-05-2023 13:39:41 [main] PageObject - user logged in
[INFO ] 31-05-2023 13:43:44 [main] PageObject - url opened
[INFO ] 31-05-2023 13:43:45 [main] PageObject - user logged in
[INFO ] 31-05-2023 13:46:52 [main] PageObject - url opened
[INFO ] 31-05-2023 13:46:52 [main] PageObject - user logged in
[INFO ] 31-05-2023 13:46:53 [main] PageObject - Actual price matched
[INFO ] 31-05-2023 13:46:53 [main] PageObject - Final price matched
[INFO ] 31-05-2023 13:53:01 [main] PageObject - url opened
[INFO ] 31-05-2023 13:53:01 [main] PageObject - user logged in
[INFO ] 31-05-2023 13:55:00 [main] PageObject - url opened
[INFO ] 31-05-2023 13:55:11 [main] PageObject - user logged in
[INFO ] 31-05-2023 13:56:43 [main] PageObject - url opened
[INFO ] 31-05-2023 13:56:54 [main] PageObject - user logged in
[INFO ] 31-05-2023 14:02:42 [main] PageObject - url opened
[INFO ] 31-05-2023 14:02:52 [main] PageObject - user logged in
[INFO ] 31-05-2023 14:03:50 [main] PageObject - url opened
[INFO ] 31-05-2023 14:04:00 [main] PageObject - user logged in
[INFO ] 31-05-2023 14:08:26 [main] PageObject - url opened
[INFO ] 31-05-2023 14:08:36 [main] PageObject - user logged in
[INFO ] 31-05-2023 14:08:37 [main] PageObject - Navigate back to productsPage
[INFO ] 31-05-2023 14:10:05 [main] PageObject - url opened
[INFO ] 31-05-2023 14:10:15 [main] PageObject - user logged in
[INFO ] 31-05-2023 14:10:17 [main] PageObject - Navigate back to productsPage
[INFO ] 31-05-2023 14:11:27 [main] PageObject - url opened
[INFO ] 31-05-2023 14:11:38 [main] PageObject - user logged in
[INFO ] 31-05-2023 14:11:39 [main] PageObject - Navigate back to productsPage
[INFO ] 31-05-2023 14:22:25 [main] PageObject - url opened
[INFO ] 31-05-2023 14:22:35 [main] PageObject - user logged in
[INFO ] 31-05-2023 14:23:11 [main] PageObject - url opened
[INFO ] 31-05-2023 14:23:21 [main] PageObject - user logged in
[INFO ] 31-05-2023 14:26:06 [main] PageObject - url opened
[INFO ] 31-05-2023 14:26:16 [main] PageObject - user logged in
[INFO ] 31-05-2023 14:27:00 [main] PageObject - url opened
[INFO ] 31-05-2023 14:27:11 [main] PageObject - user logged in
[INFO ] 31-05-2023 14:27:12 [main] PageObject - Navigate back to productsPage
[INFO ] 31-05-2023 14:30:22 [main] PageObject - url opened
[INFO ] 31-05-2023 14:30:33 [main] PageObject - user logged in
[INFO ] 31-05-2023 14:30:34 [main] PageObject - Navigate back to productsPage
[INFO ] 31-05-2023 14:35:44 [main] PageObject - url opened
[INFO ] 31-05-2023 14:35:55 [main] PageObject - user logged in
[INFO ] 31-05-2023 14:38:47 [main] PageObject - url opened
[INFO ] 31-05-2023 14:38:47 [main] PageObject - product text matches
[INFO ] 31-05-2023 14:38:47 [main] PageObject - click on product
[INFO ] 31-05-2023 14:39:11 [main] PageObject - url opened
[INFO ] 31-05-2023 14:39:22 [main] PageObject - user logged in
[INFO ] 31-05-2023 14:39:23 [main] PageObject - Navigate back to productsPage
[INFO ] 31-05-2023 14:41:20 [main] PageObject - url opened
[INFO ] 31-05-2023 14:41:31 [main] PageObject - user logged in
[INFO ] 31-05-2023 14:41:35 [main] PageObject - Navigate back to productsPage
[INFO ] 31-05-2023 14:42:46 [main] PageObject - url opened
[INFO ] 31-05-2023 14:42:46 [main] PageObject - user logged in
[INFO ] 31-05-2023 14:42:47 [main] PageObject - Navigate back to productsPage
[INFO ] 31-05-2023 14:43:36 [main] PageObject - url opened
[INFO ] 31-05-2023 14:43:36 [main] PageObject - user logged in
[INFO ] 31-05-2023 14:43:37 [main] PageObject - Navigate back to productsPage
[INFO ] 31-05-2023 14:44:23 [main] PageObject - url opened
[INFO ] 31-05-2023 14:44:23 [main] PageObject - user logged in
[INFO ] 31-05-2023 14:44:24 [main] PageObject - Navigate back to productsPage
[INFO ] 31-05-2023 14:47:33 [main] PageObject - url opened
[INFO ] 31-05-2023 14:47:33 [main] PageObject - user logged in
[INFO ] 31-05-2023 14:49:56 [main] PageObject - url opened
[INFO ] 31-05-2023 14:49:57 [main] PageObject - user logged in
[INFO ] 31-05-2023 14:49:57 [main] PageObject - Navigate back to productsPage
[INFO ] 31-05-2023 14:50:52 [main] PageObject - url opened
[INFO ] 31-05-2023 14:51:02 [main] PageObject - user logged in
[INFO ] 31-05-2023 14:51:03 [main] PageObject - Navigate back to productsPage
[INFO ] 31-05-2023 14:51:41 [main] PageObject - url opened
[INFO ] 31-05-2023 14:51:52 [main] PageObject - user logged in
[INFO ] 31-05-2023 14:51:53 [main] PageObject - Navigate back to productsPage
[INFO ] 31-05-2023 14:53:28 [main] PageObject - url opened
[INFO ] 31-05-2023 14:53:38 [main] PageObject - user logged in
[INFO ] 31-05-2023 14:53:39 [main] PageObject - Navigate back to productsPage
[INFO ] 31-05-2023 14:56:05 [main] PageObject - url opened
[INFO ] 31-05-2023 14:56:05 [main] PageObject - user logged in
[INFO ] 31-05-2023 14:56:06 [main] PageObject - confirm msg dislayed +expCmsg
[INFO ] 31-05-2023 14:57:05 [main] PageObject - url opened
[INFO ] 31-05-2023 14:57:05 [main] PageObject - user logged in
[INFO ] 31-05-2023 14:57:06 [main] PageObject - confirm msg dislayed
[INFO ] 01-06-2023 15:56:24 [main] PageObject - url opened
[INFO ] 02-06-2023 13:05:23 [main] PageObject - url opened
[INFO ] 02-06-2023 13:05:24 [main] PageObject - product text matches
[INFO ] 02-06-2023 13:05:24 [main] PageObject - click on product
[INFO ] 02-06-2023 13:10:07 [main] PageObject - url opened
[INFO ] 02-06-2023 13:10:08 [main] PageObject - product text matches
[INFO ] 02-06-2023 13:10:08 [main] PageObject - click on product
[INFO ] 02-06-2023 15:14:07 [main] PageObject - url opened
[INFO ] 02-06-2023 15:14:07 [main] PageObject - page title matches as Swag Labs 
[INFO ] 02-06-2023 15:14:11 [main] PageObject - url opened
[INFO ] 02-06-2023 15:14:12 [main] PageObject - user logged in successfully
[INFO ] 02-06-2023 15:14:15 [main] PageObject - url opened
[INFO ] 02-06-2023 15:14:15 [main] PageObject - user logged in successfully
[INFO ] 02-06-2023 15:14:18 [main] PageObject - url opened
[INFO ] 02-06-2023 15:14:24 [main] PageObject - user logged in successfully
[INFO ] 05-06-2023 13:38:52 [main] PageObject - url opened
[INFO ] 05-06-2023 13:38:52 [main] PageObject - user logged in successfully
[INFO ] 05-06-2023 13:38:58 [main] PageObject - url opened
[INFO ] 05-06-2023 13:38:58 [main] PageObject - user logged in successfully
[INFO ] 05-06-2023 13:39:03 [main] PageObject - url opened
[INFO ] 05-06-2023 13:39:08 [main] PageObject - user logged in successfully
[INFO ] 05-06-2023 13:59:42 [main] PageObject - url opened
[INFO ] 05-06-2023 13:59:42 [main] PageObject - user logged in
[INFO ] 05-06-2023 14:01:15 [main] PageObject - url opened
[INFO ] 05-06-2023 14:01:16 [main] PageObject - user logged in
[INFO ] 05-06-2023 14:02:46 [main] PageObject - url opened
[INFO ] 05-06-2023 14:02:47 [main] PageObject - user logged in
[INFO ] 05-06-2023 14:07:24 [main] PageObject - url opened
[INFO ] 05-06-2023 14:07:25 [main] PageObject - user logged in
[INFO ] 05-06-2023 14:10:15 [main] PageObject - url opened
[INFO ] 05-06-2023 14:10:15 [main] PageObject - user logged in
[INFO ] 05-06-2023 14:11:09 [main] PageObject - url opened
[INFO ] 05-06-2023 14:11:09 [main] PageObject - user logged in
[INFO ] 05-06-2023 14:12:06 [main] PageObject - url opened
[INFO ] 05-06-2023 14:12:07 [main] PageObject - user logged in
[INFO ] 05-06-2023 14:20:38 [main] PageObject - url opened
[INFO ] 05-06-2023 14:20:39 [main] PageObject - user logged in
[INFO ] 05-06-2023 14:24:05 [main] PageObject - url opened
[INFO ] 05-06-2023 14:24:06 [main] PageObject - user logged in
[INFO ] 05-06-2023 14:24:07 [main] PageObject - Actual price matched
[INFO ] 05-06-2023 14:24:07 [main] PageObject - Final price matched
[INFO ] 05-06-2023 15:18:23 [main] PageObject - url opened
[INFO ] 05-06-2023 15:18:23 [main] PageObject - page title matches as Swag Labs 
[INFO ] 05-06-2023 15:18:25 [main] PageObject - url opened
[INFO ] 05-06-2023 15:18:25 [main] PageObject - user logged in successfully
[INFO ] 05-06-2023 15:20:43 [main] PageObject - url opened
[INFO ] 05-06-2023 15:20:43 [main] PageObject - page title matches as Swag Labs 
[INFO ] 05-06-2023 15:20:46 [main] PageObject - url opened
[INFO ] 05-06-2023 15:20:46 [main] PageObject - user logged in successfully
[INFO ] 05-06-2023 15:22:14 [main] PageObject - url opened
[INFO ] 07-06-2023 13:49:29 [main] PageObject - url opened
[INFO ] 07-06-2023 13:49:29 [main] PageObject - page title matches as Swag Labs 
[INFO ] 07-06-2023 13:49:31 [main] PageObject - url opened
[INFO ] 07-06-2023 13:49:31 [main] PageObject - user logged in successfully
[INFO ] 07-06-2023 13:50:21 [main] PageObject - url opened
[INFO ] 07-06-2023 13:50:23 [main] PageObject - url opened
[INFO ] 07-06-2023 13:50:23 [main] PageObject - user logged in successfully
[INFO ] 07-06-2023 14:08:24 [main] PageObject - url opened
[INFO ] 07-06-2023 14:08:28 [main] PageObject - url opened
[INFO ] 07-06-2023 14:08:28 [main] PageObject - user logged in successfully
[INFO ] 07-06-2023 14:13:30 [main] PageObject - url opened
[INFO ] 07-06-2023 14:13:32 [main] PageObject - url opened
[INFO ] 07-06-2023 14:13:32 [main] PageObject - user logged in successfully
[INFO ] 07-06-2023 14:15:57 [main] PageObject - url opened
[INFO ] 07-06-2023 14:15:59 [main] PageObject - url opened
[INFO ] 07-06-2023 14:15:59 [main] PageObject - user logged in successfully
